Starting Dynare (version 5.5).
Calling Dynare with arguments: none
Starting preprocessing of the model file ...
Found 43 equation(s).
Evaluating expressions...done
Computing static model derivatives (order 1).
Computing dynamic model derivatives (order 2).
Processing outputs ...
done
Preprocessing completed.





Residuals of the static equations:

Equation number 1 : 0 : 1
Equation number 2 : 0 : disc
Equation number 3 : 0 : 3
Equation number 4 : 0 : 4
Equation number 5 : 0 : 5
Equation number 6 : 0 : kg
Equation number 7 : 0 : kd
Equation number 8 : 0 : lg
Equation number 9 : 0 : ld
Equation number 10 : 0 : 10
Equation number 11 : 0 : 11
Equation number 12 : 0 : qg
Equation number 13 : 0 : qd
Equation number 14 : 0 : yg
Equation number 15 : 0 : yd
Equation number 16 : 0 : wg
Equation number 17 : 0 : wd
Equation number 18 : 0 : e
Equation number 19 : 0 : 19
Equation number 20 : 0 : 20
Equation number 21 : 0 : 21
Equation number 22 : 0 : y
Equation number 23 : 0 : l
Equation number 24 : 0 : b
Equation number 25 : 0 : 25
Equation number 26 : 0 : 26
Equation number 27 : 0 : h
Equation number 28 : 0 : 28
Equation number 29 : 0 : 29
Equation number 30 : 0 : 30
Equation number 31 : 0 : amb
Equation number 32 : 0 : zamb
Equation number 33 : 0 : fg
Equation number 34 : 0 : fd
Equation number 35 : 0 : welf
Equation number 36 : 0 : taud
Equation number 37 : 0 : 37
Equation number 38 : 0 : ezd
Equation number 39 : 0 : ezg
Equation number 40 : 0 : spreadd
Equation number 41 : 0 : spreadg
Equation number 42 : 0 : diffz
Equation number 43 : 0 : kappa_flu



STEADY-STATE RESULTS:

yd        		 1.34521
yg        		 0.894574
pd        		 1.0737
pg        		 0.861949
kg        		 6.30553
wg        		 1.29488
hg        		 0.416837
kd        		 11.8113
wd        		 1.77222
hd        		 0.570498
y         		 2.21543
lambda    		 0.321912
c         		 1.76251
invd      		 0.295282
invg      		 0.157638
r         		 1.0101
qd        		 1
qg        		 1
m         		 1795.39
e         		 0.51948
h         		 0.987335
ag        		 1
amb       		 0
zamb      		 0
ad        		 1
welf      		 -81.6983
taud      		 0
taug      		 0
fd        		 0.6
fg        		 0.6
zd        		 2.52653
zg        		 2.52653
ezd       		 1.01061
ezg       		 1.01061
lg        		 5.61537
ld        		 10.5185
l         		 16.1339
b         		 14.5205
disc      		 1
spreadd   		 2.50127
spreadg   		 2.50127
diffz     		 1
kappa_flu 		 0.1

EIGENVALUES:
         Modulus             Real        Imaginary

       1.606e-17       -1.606e-17                0
          0.7968           0.7968                0
             0.9              0.9                0
             0.9              0.9                0
             0.9              0.9                0
          0.9259           0.9229          0.07534
          0.9259           0.9229         -0.07534
          0.9532           0.9532                0
          0.9979           0.9979                0
            1.01             1.01                0
           1.061            1.061                0
           1.097            1.093          0.08942
           1.097            1.093         -0.08942
            1.28             1.28                0
       1.356e+16       -1.356e+16                0
       6.908e+16        6.908e+16                0
       8.033e+16       -8.033e+16                0
       8.125e+16       -8.125e+16                0
       2.173e+17       -2.173e+17                0
             Inf             -Inf                0
             Inf             -Inf                0


There are 12 eigenvalue(s) larger than 1 in modulus 
for 12 forward-looking variable(s)

The rank condition is verified.

MODEL_DIAGNOSTICS:  No obvious problems with this mod-file were detected.

MODEL SUMMARY

  Number of variables:         43
  Number of stochastic shocks: 5
  Number of state variables:   9
  Number of jumpers:           12
  Number of static variables:  24


MATRIX OF COVARIANCE OF EXOGENOUS SHOCKS
Variables       sh_ag    sh_amb     sh_ad     sh_fg     sh_fd
sh_ag        0.000000  0.000000  0.000000  0.000000  0.000000
sh_amb       0.000000  0.025600  0.000000  0.000000  0.000000
sh_ad        0.000000  0.000000  0.000000  0.000000  0.000000
sh_fg        0.000000  0.000000  0.000000  0.000000  0.000000
sh_fd        0.000000  0.000000  0.000000  0.000000  0.000000

POLICY AND TRANSITION FUNCTIONS
                                  yd              yg              pd              pg              kg              wg              hg              kd              wd              hd               y          lambda               c            invd            invg               r              qd              qg               m               e               h              ag             amb            zamb              ad            welf            taud            taug              fd              fg              zd              zg             ezd             ezg              lg              ld               l               b            disc         spreadd         spreadg           diffz       kappa_flu
Constant                    1.345211        0.894574        1.073700        0.861949        6.305527        1.294880        0.416837       11.811276        1.772218        0.570498        2.215430        0.321912        1.762509        0.295282        0.157638        1.010101        1.000000        1.000000     1795.385795        0.519480        0.987335        1.000000               0               0        1.000000      -81.698346               0               0        0.600000        0.600000        2.526534        2.526534        1.010614        1.010614        5.615374       10.518507       16.133881       14.520493        1.000000        2.501269        2.501269        1.000000        0.100000
kg(-1)                     -0.013831        0.042392        0.010776       -0.016204        0.968000        0.037370       -0.000113        0.003016        0.025596       -0.008380        0.021689       -0.009378        0.025672        0.003016       -0.007000        0.000659        0.003694       -0.033708       -0.003739       -0.003739       -0.008493               0               0               0               0        0.335049               0               0               0               0        0.001647        0.001647        0.000659        0.000659        0.692367        0.043742        0.736108        0.662498       -0.000652               0               0               0               0
kd(-1)                      0.027584       -0.009198       -0.005753        0.008650        0.001610        0.018701       -0.006123        0.969407        0.039235       -0.003989        0.021688       -0.009377        0.025671       -0.005593        0.001610        0.000658       -0.016270        0.003698        0.007456        0.007456       -0.010111               0               0               0               0        0.334768               0               0               0               0        0.001645        0.001645        0.000658        0.000658        0.023372        0.712795        0.736167        0.662551       -0.000651               0               0               0               0
m(-1)                      -0.000040       -0.000026               0               0       -0.000003       -0.000062        0.000008       -0.000005       -0.000084        0.000010       -0.000065        0.000021       -0.000058       -0.000005       -0.000003        0.000003       -0.000016       -0.000016        0.997904       -0.000011        0.000018               0               0               0               0       -0.002515               0               0               0               0        0.000007        0.000007        0.000003        0.000003       -0.000090       -0.000169       -0.000259       -0.000233       -0.000003               0               0               0               0
ag(-1)                     -0.195677        0.845773        0.203836       -0.306517        0.050082        0.679703        0.027062        0.063460        0.446933       -0.118553        0.518914       -0.148078        0.405373        0.063460        0.050082       -0.086193        0.304402        0.405013       -0.052895       -0.052895       -0.091491        0.900000               0               0               0        2.093841               0               0               0               0       -0.215593       -0.215593       -0.086237       -0.086237        2.271233        3.321366        5.592599        5.033340        0.085332               0               0               0               0
zamb(-1)                           0               0               0               0               0               0               0               0               0               0               0               0               0               0               0               0               0               0               0               0               0               0               0        0.900000               0               0               0               0               0               0               0               0               0               0               0               0               0               0               0               0               0               0               0
ad(-1)                      1.100963       -0.243752       -0.203836        0.306517        0.063469        0.611660       -0.162248        0.149240        1.320471       -0.066468        0.972002       -0.277361        0.759293        0.149240        0.063469       -0.161486        0.670911        0.570300        0.297611        0.297611       -0.228716               0               0               0        0.900000        3.912345               0               0               0               0       -0.403920       -0.403920       -0.161568       -0.161568        3.321984        7.155637       10.477620        9.429858        0.159871               0               0               0               0
invd(-1)                    0.272038        0.180907               0               0       -0.034918       -0.112231        0.120424        0.813914       -0.153604        0.164817        0.448020        0.120902       -0.330976        0.813914       -0.034918        0.106758       -0.478603       -0.353078        0.073537        0.073537        0.285241               0               0               0               0        0.031239               0               0               0               0        0.267031        0.267031        0.106812        0.106812       -2.099465       -4.495248       -6.594713       -5.935242       -0.105691               0               0               0               0
invg(-1)                    0.272035        0.180905               0               0        0.844400       -0.112230        0.120423       -0.065413       -0.153602        0.164815        0.448015        0.120900       -0.330972       -0.065413        0.844400        0.106762       -0.353097       -0.588227        0.073536        0.073536        0.285238               0               0               0               0        0.033121               0               0               0               0        0.267040        0.267040        0.106816        0.106816       -2.662189       -3.932854       -6.595043       -5.935539       -0.105694               0               0               0               0
sh_ag                      -0.217419        0.939747        0.226485       -0.340575        0.055646        0.755226        0.030068        0.070511        0.496593       -0.131725        0.576571       -0.164531        0.450414        0.070511        0.055646       -0.095771        0.338225        0.450014       -0.058772       -0.058772       -0.101657        1.000000               0               0               0        2.326490               0               0               0               0       -0.239548       -0.239548       -0.095819       -0.095819        2.523592        3.690407        6.213999        5.592599        0.094813               0               0               0               0
sh_amb                             0               0               0               0               0               0               0               0               0               0               0               0               0               0               0               0               0               0               0               0               0               0               0        1.000000               0               0               0               0               0               0               0               0               0               0               0               0               0               0               0               0               0               0               0
sh_ad                       1.223292       -0.270835       -0.226485        0.340575        0.070522        0.679622       -0.180276        0.165822        1.467190       -0.073853        1.080002       -0.308178        0.843658        0.165822        0.070522       -0.179429        0.745456        0.633667        0.330679        0.330679       -0.254129               0               0               0        1.000000        4.347050               0               0               0               0       -0.448800       -0.448800       -0.179520       -0.179520        3.691093        7.950707       11.641800       10.477620        0.177635               0               0               0               0
sh_fg                              0               0               0               0               0               0               0               0               0               0               0               0               0               0               0               0               0               0               0               0               0               0               0               0               0               0               0               0               0        1.000000               0               0               0       -2.526534               0               0               0               0               0               0               0               0               0
sh_fd                              0               0               0               0               0               0               0               0               0               0               0               0               0               0               0               0               0               0               0               0               0               0               0               0               0               0               0               0        1.000000               0               0               0       -2.526534               0               0               0               0               0               0               0               0               0               0
kg(-1),kg(-1)               0.000814       -0.002592       -0.000699        0.001518       -0.000736       -0.002156       -0.000147       -0.000390       -0.001478        0.000512       -0.001778        0.000693       -0.001336       -0.000328       -0.000114        0.000127       -0.000742        0.002717        0.000214        0.000214        0.000364               0               0               0               0       -0.011009               0               0               0               0        0.000317        0.000317        0.000127        0.000127       -0.014550       -0.008326       -0.022876       -0.020589       -0.000125               0               0               0               0
kd(-1),kg(-1)               0.000046       -0.000217       -0.000166       -0.000249        0.000515        0.000273        0.000148        0.000424        0.000202        0.000258        0.000309        0.000452       -0.000116        0.000196        0.000229       -0.000077        0.000077        0.000262        0.000035        0.000035        0.000406               0               0               0               0       -0.008484               0               0               0               0       -0.000194       -0.000194       -0.000077       -0.000077        0.005209        0.004396        0.009605        0.008644        0.000077               0               0               0               0
kd(-1),kd(-1)              -0.000997        0.000362        0.000288       -0.000300       -0.000135       -0.000576        0.000255       -0.000247       -0.001116        0.000115       -0.000877        0.000475       -0.000740       -0.000035       -0.000102        0.000050        0.000657       -0.000427       -0.000292       -0.000292        0.000370               0               0               0               0       -0.007848               0               0               0               0        0.000124        0.000124        0.000050        0.000050       -0.002590       -0.007383       -0.009973       -0.008976       -0.000049               0               0               0               0
m(-1),kg(-1)                       0       -0.000001               0               0               0       -0.000002               0               0       -0.000001               0               0               0               0               0               0               0               0               0               0               0               0               0               0               0               0        0.000016               0               0               0               0               0               0               0               0       -0.000010               0       -0.000011       -0.000010               0               0               0               0               0
m(-1),kd(-1)                       0               0               0               0               0               0               0               0       -0.000002               0               0               0               0               0               0               0               0               0               0               0               0               0               0               0               0        0.000016               0               0               0               0               0               0               0               0               0       -0.000011       -0.000011       -0.000010               0               0               0               0               0
ag(-1),kg(-1)               0.000168        0.038853        0.005878        0.008838        0.015358        0.024998       -0.000824       -0.002493        0.013821        0.000624        0.017856        0.002345        0.011293        0.000100        0.006463       -0.001843        0.007123       -0.010328       -0.000118       -0.000118       -0.000200               0               0               0               0       -0.015533               0               0               0               0       -0.004610       -0.004610       -0.001844       -0.001844        0.310172        0.074912        0.385083        0.346575        0.001713               0               0               0               0
ag(-1),kd(-1)              -0.000757       -0.006532       -0.003138       -0.004718       -0.003502        0.006006        0.001043        0.007998        0.004680        0.002801        0.001999        0.006374        0.000265        0.003190       -0.001456        0.000881       -0.006551       -0.002226        0.000121        0.000121        0.003844               0               0               0               0       -0.054716               0               0               0               0        0.002202        0.002202        0.000881        0.000881       -0.015069        0.206978        0.191909        0.172718       -0.000983               0               0               0               0
ag(-1),m(-1)                0.000008       -0.000024               0               0        0.000005       -0.000033        0.000001        0.000006       -0.000022               0       -0.000012       -0.000009       -0.000016        0.000002        0.000002       -0.000001       -0.000006       -0.000010        0.000002        0.000002               0               0               0               0               0        0.000057               0               0               0               0       -0.000003       -0.000003       -0.000001       -0.000001       -0.000051       -0.000066       -0.000117       -0.000105               0               0               0               0               0
ag(-1),ag(-1)               0.060403       -0.057429       -0.046326        0.236854       -0.068196       -0.096434       -0.035524       -0.061652       -0.078116        0.040292       -0.134211        0.074268       -0.063461       -0.034376       -0.036374        0.025513       -0.014795       -0.021242        0.015174        0.015174        0.004768       -0.045000               0               0               0       -0.892592               0               0               0               0        0.063816        0.063816        0.025526        0.025526       -0.147138       -0.182045       -0.329184       -0.296265       -0.017977               0               0               0               0
ad(-1),kg(-1)              -0.005222       -0.007495       -0.005878       -0.008838        0.018927        0.010516        0.002743       -0.010501        0.009303        0.004671        0.003746        0.011939        0.000495       -0.004404        0.007654        0.001650       -0.003864       -0.019927       -0.000494       -0.000494        0.007414               0               0               0               0       -0.102431               0               0               0               0        0.004126        0.004126        0.001650        0.001650        0.408023       -0.048518        0.359506        0.323555       -0.001842               0               0               0               0
ad(-1),kd(-1)               0.023573        0.003170        0.003138        0.004718       -0.003436        0.010889        0.002825        0.020227        0.032046        0.001069        0.019601        0.007910        0.011524        0.008920       -0.000843       -0.001074       -0.008076        0.005491        0.004542        0.004542        0.003894               0               0               0               0       -0.063305               0               0               0               0       -0.002687       -0.002687       -0.001075       -0.001075        0.029193        0.523583        0.552775        0.497498        0.000856               0               0               0               0
ad(-1),m(-1)               -0.000029        0.000010               0               0        0.000006       -0.000031       -0.000001        0.000015       -0.000065        0.000001       -0.000022       -0.000017       -0.000030        0.000005        0.000002       -0.000002       -0.000015       -0.000012       -0.000005       -0.000005               0               0               0               0               0        0.000106               0               0               0               0       -0.000005       -0.000005       -0.000002       -0.000002       -0.000066       -0.000153       -0.000219       -0.000197        0.000001               0               0               0               0
ad(-1),ag(-1)              -0.147363       -0.221952       -0.111183       -0.167191       -0.137999        0.228379       -0.004874       -0.220946        0.206148        0.021558       -0.050404        0.154998        0.099589       -0.092652       -0.057341        0.062010        0.157355        0.181826       -0.026848       -0.026848        0.016683               0               0               0               0       -0.621439               0               0               0               0        0.155104        0.155104        0.062042        0.062042        0.969691        1.596357        2.566049        2.309444       -0.034106               0               0               0               0
ad(-1),ad(-1)              -0.191162        0.094427        0.157510       -0.069663       -0.103152       -0.080033        0.072325       -0.296856       -0.056982       -0.018153       -0.273425        0.206767       -0.075382       -0.146000       -0.052042        0.074872        0.046815        0.028792       -0.088211       -0.088211        0.054172               0               0               0       -0.045000       -1.939762               0               0               0               0        0.187276        0.187276        0.074910        0.074910        0.131517        0.372815        0.504332        0.453899       -0.048565               0               0               0               0
invd(-1),kg(-1)            -0.004549        0.007407               0               0       -0.011116       -0.002516       -0.000808        0.016706       -0.001229       -0.003483        0.001500       -0.004301       -0.002689        0.009103       -0.004914       -0.003191       -0.001597        0.009562       -0.001003       -0.001003       -0.004291               0               0               0               0        0.014061               0               0               0               0       -0.007982       -0.007982       -0.003193       -0.003193       -0.270224       -0.002054       -0.272278       -0.245051        0.003297               0               0               0               0
invd(-1),kd(-1)            -0.002696       -0.007363               0               0        0.003646        0.001793       -0.005432       -0.030806        0.001271       -0.006165       -0.009241       -0.007199        0.005246       -0.016707        0.002219       -0.000841        0.029736        0.011517       -0.001181       -0.001181       -0.011597               0               0               0               0       -0.027158               0               0               0               0       -0.002103       -0.002103       -0.000841       -0.000841        0.071091       -0.142167       -0.071076       -0.063968        0.000970               0               0               0               0
invd(-1),m(-1)             -0.000006       -0.000004               0               0       -0.000003        0.000005        0.000003       -0.000031        0.000006        0.000004       -0.000010        0.000009        0.000009       -0.000018       -0.000001        0.000005        0.000011        0.000004       -0.000001       -0.000001        0.000007               0               0               0               0       -0.000022               0               0               0               0        0.000013        0.000013        0.000005        0.000005        0.000021        0.000082        0.000104        0.000093       -0.000005               0               0               0               0
invd(-1),ag(-1)            -0.007730        0.192212               0               0        0.062706       -0.072048        0.021913        0.413876       -0.056715       -0.014959        0.157377       -0.041463       -0.114862        0.253907        0.018332       -0.059299       -0.250625       -0.182060        0.001119        0.001119        0.006954               0               0               0               0        0.295926               0               0               0               0       -0.148322       -0.148322       -0.059329       -0.059329       -1.061113       -2.198828       -3.259941       -2.933947        0.040668               0               0               0               0
invd(-1),ad(-1)             0.312331        0.010349               0               0        0.063881       -0.090019       -0.007170        0.964535       -0.165095        0.035136        0.344270       -0.064308       -0.251707        0.588332        0.007645       -0.116976       -0.582097       -0.345191        0.066373        0.066373        0.027966               0               0               0               0        0.701048               0               0               0               0       -0.292587       -0.292587       -0.117035       -0.117035       -2.043705       -5.139770       -7.183475       -6.465127        0.082012               0               0               0               0
invd(-1),invd(-1)          -0.108514       -0.072162               0               0        0.011540        0.060980       -0.042817       -0.636829        0.083459       -0.058601       -0.178712       -0.037748        0.196566       -0.402286        0.027009        0.065727        0.486076        0.220663       -0.031564       -0.031564       -0.101419               0               0               0               0       -0.466610               0               0               0               0        0.164401        0.164401        0.065761        0.065761        1.349469        4.438058        5.787527        5.208775       -0.053899               0               0               0               0
invg(-1),kg(-1)            -0.016767       -0.000718               0               0       -0.065696        0.002525       -0.006217        0.009934        0.005670       -0.010885       -0.018622       -0.009731        0.012176        0.007261       -0.038059        0.001211        0.020687        0.081448       -0.004306       -0.004306       -0.017102               0               0               0               0       -0.063396               0               0               0               0        0.003030        0.003030        0.001212        0.001212       -0.134707        0.239434        0.104728        0.094255       -0.001062               0               0               0               0
invg(-1),kd(-1)             0.003826       -0.003025               0               0        0.015183       -0.000898       -0.002544       -0.009590       -0.002412       -0.002214        0.001501       -0.004300       -0.002690       -0.004634        0.008824       -0.003191        0.005579       -0.003890        0.000582        0.000582       -0.004758               0               0               0               0        0.014096               0               0               0               0       -0.007982       -0.007982       -0.003193       -0.003193       -0.007462       -0.264888       -0.272350       -0.245115        0.003297               0               0               0               0
invg(-1),m(-1)             -0.000006       -0.000004               0               0       -0.000028        0.000005        0.000003       -0.000006        0.000006        0.000004       -0.000010        0.000009        0.000009       -0.000002       -0.000017        0.000005        0.000004        0.000017       -0.000001       -0.000001        0.000007               0               0               0               0       -0.000022               0               0               0               0        0.000013        0.000013        0.000005        0.000005        0.000064        0.000040        0.000104        0.000094       -0.000005               0               0               0               0
invg(-1),ag(-1)             0.022286        0.212172               0               0        0.554504       -0.084430        0.035200        0.057655       -0.073663        0.003227        0.206810       -0.028123       -0.151380        0.001423        0.356767       -0.065183       -0.204732       -0.482990        0.009233        0.009233        0.038427               0               0               0               0        0.444521               0               0               0               0       -0.163041       -0.163041       -0.065216       -0.065216       -2.056265       -2.279849       -4.336115       -3.902503        0.046493               0               0               0               0
invg(-1),ad(-1)             0.282314       -0.009611               0               0        0.713383       -0.077635       -0.020457        0.179478       -0.148146        0.016952        0.294836       -0.077647       -0.215188        0.047236        0.462788       -0.111085       -0.322584       -0.616525        0.058259        0.058259       -0.003505               0               0               0               0        0.555530               0               0               0               0       -0.277853       -0.277853       -0.111141       -0.111141       -2.571703       -3.536689       -6.108391       -5.497552        0.076179               0               0               0               0
invg(-1),invd(-1)          -0.121593       -0.080860               0               0       -0.382977        0.082586       -0.043388       -0.397051        0.113031       -0.059383       -0.200251       -0.033081        0.277019       -0.232159       -0.245111        0.058947        0.460922        0.546495       -0.037330       -0.037330       -0.102771               0               0               0               0       -0.316184               0               0               0               0        0.147442        0.147442        0.058977        0.058977        2.619695        4.511464        7.131159        6.418044       -0.036015               0               0               0               0
invg(-1),invg(-1)          -0.150181       -0.099871               0               0       -0.884402        0.078169       -0.061262        0.053654        0.106985       -0.083846       -0.247333       -0.056266        0.247258        0.082636       -0.577227        0.097377        0.254977        1.025951       -0.042827       -0.042827       -0.145108               0               0               0               0       -0.741689               0               0               0               0        0.243565        0.243565        0.097426        0.097426        4.764985        2.964024        7.729009        6.956108       -0.085232               0               0               0               0
sh_ag,sh_ag                -0.046216        0.451182        0.068632        0.103205       -0.053278        0.300516       -0.027152       -0.036941        0.179445       -0.023438        0.154625        0.000283        0.171883       -0.003266       -0.013991       -0.021708        0.169638        0.223783       -0.013918       -0.013918       -0.050590        0.500000               0               0               0        0.190529               0               0               0               0       -0.054297       -0.054297       -0.021719       -0.021719        1.220343        1.825479        3.045822        2.741240        0.030480               0               0               0               0
sh_ad,sh_ag                -0.181929       -0.274014       -0.137263       -0.206409       -0.170369        0.281950       -0.006018       -0.272773        0.254504        0.026614       -0.062227        0.191356        0.122949       -0.114385       -0.070792        0.076556        0.194265        0.224476       -0.033145       -0.033145        0.020597               0               0               0               0       -0.767208               0               0               0               0        0.191486        0.191486        0.076595        0.076595        1.197150        1.970812        3.167962        2.851166       -0.042106               0               0               0               0
sh_ad,sh_ad                 0.443604       -0.033887        0.068632        0.103205       -0.088169        0.278762       -0.010863       -0.274366        0.744757       -0.063441        0.262440        0.084058        0.375635       -0.088123       -0.025071       -0.007248        0.471939        0.387582        0.074808        0.074808       -0.074303               0               0               0        0.500000        0.020259               0               0               0               0       -0.018129       -0.018129       -0.007251       -0.007251        2.212974        4.877325        7.090299        6.381269        0.038729               0               0               0               0
sh_fg,sh_ag                        0               0               0               0               0               0               0               0               0               0               0               0               0               0               0               0               0               0               0               0               0               0               0               0               0               0               0               0               0               0               0               0               0        0.239548               0               0               0               0               0               0               0               0               0
sh_fg,sh_ad                        0               0               0               0               0               0               0               0               0               0               0               0               0               0               0               0               0               0               0               0               0               0               0               0               0               0               0               0               0               0               0               0               0        0.448800               0               0               0               0               0               0               0               0               0
sh_fd,sh_ag                        0               0               0               0               0               0               0               0               0               0               0               0               0               0               0               0               0               0               0               0               0               0               0               0               0               0               0               0               0               0               0               0        0.239548               0               0               0               0               0               0               0               0               0               0
sh_fd,sh_ad                        0               0               0               0               0               0               0               0               0               0               0               0               0               0               0               0               0               0               0               0               0               0               0               0               0               0               0               0               0               0               0               0        0.448800               0               0               0               0               0               0               0               0               0               0
kg(-1),sh_ag                0.000186        0.043170        0.006531        0.009820        0.017064        0.027776       -0.000915       -0.002770        0.015357        0.000693        0.019840        0.002606        0.012548        0.000111        0.007181       -0.002048        0.007915       -0.011475       -0.000131       -0.000131       -0.000222               0               0               0               0       -0.017259               0               0               0               0       -0.005122       -0.005122       -0.002049       -0.002049        0.344635        0.083235        0.427870        0.385083        0.001904               0               0               0               0
kg(-1),sh_ad               -0.005802       -0.008328       -0.006531       -0.009820        0.021030        0.011684        0.003048       -0.011668        0.010337        0.005190        0.004162        0.013265        0.000551       -0.004893        0.008504        0.001833       -0.004293       -0.022141       -0.000548       -0.000548        0.008238               0               0               0               0       -0.113813               0               0               0               0        0.004584        0.004584        0.001834        0.001834        0.453359       -0.053908        0.399451        0.359506       -0.002046               0               0               0               0
kg(-1),sh_fg                       0               0               0               0               0               0               0               0               0               0               0               0               0               0               0               0               0               0               0               0               0               0               0               0               0               0               0               0               0               0               0               0               0       -0.001647               0               0               0               0               0               0               0               0               0
kg(-1),sh_fd                       0               0               0               0               0               0               0               0               0               0               0               0               0               0               0               0               0               0               0               0               0               0               0               0               0               0               0               0               0               0               0               0       -0.001647               0               0               0               0               0               0               0               0               0               0
kd(-1),sh_ag               -0.000841       -0.007257       -0.003486       -0.005243       -0.003891        0.006674        0.001159        0.008887        0.005200        0.003112        0.002221        0.007082        0.000294        0.003544       -0.001617        0.000978       -0.007278       -0.002473        0.000134        0.000134        0.004272               0               0               0               0       -0.060795               0               0               0               0        0.002447        0.002447        0.000979        0.000979       -0.016743        0.229975        0.213232        0.191909       -0.001092               0               0               0               0
kd(-1),sh_ad                0.026192        0.003522        0.003486        0.005243       -0.003818        0.012099        0.003139        0.022475        0.035607        0.001188        0.021779        0.008789        0.012804        0.009911       -0.000936       -0.001194       -0.008973        0.006101        0.005046        0.005046        0.004327               0               0               0               0       -0.070339               0               0               0               0       -0.002986       -0.002986       -0.001194       -0.001194        0.032436        0.581758        0.614195        0.552775        0.000951               0               0               0               0
kd(-1),sh_fg                       0               0               0               0               0               0               0               0               0               0               0               0               0               0               0               0               0               0               0               0               0               0               0               0               0               0               0               0               0               0               0               0               0       -0.001645               0               0               0               0               0               0               0               0               0
kd(-1),sh_fd                       0               0               0               0               0               0               0               0               0               0               0               0               0               0               0               0               0               0               0               0               0               0               0               0               0               0               0               0               0               0               0               0       -0.001645               0               0               0               0               0               0               0               0               0               0
m(-1),sh_ag                 0.000009       -0.000026               0               0        0.000005       -0.000037        0.000002        0.000007       -0.000025       -0.000001       -0.000013       -0.000010       -0.000017        0.000002        0.000002       -0.000001       -0.000007       -0.000011        0.000002        0.000002               0               0               0               0               0        0.000063               0               0               0               0       -0.000003       -0.000003       -0.000001       -0.000001       -0.000056       -0.000073       -0.000130       -0.000117               0               0               0               0               0
m(-1),sh_ad                -0.000032        0.000011               0               0        0.000007       -0.000034       -0.000001        0.000017       -0.000072        0.000001       -0.000025       -0.000018       -0.000033        0.000005        0.000002       -0.000002       -0.000017       -0.000013       -0.000006       -0.000006               0               0               0               0               0        0.000118               0               0               0               0       -0.000006       -0.000006       -0.000002       -0.000002       -0.000073       -0.000170       -0.000243       -0.000219        0.000001               0               0               0               0
m(-1),sh_fg                        0               0               0               0               0               0               0               0               0               0               0               0               0               0               0               0               0               0               0               0               0               0               0               0               0               0               0               0               0               0               0               0               0       -0.000007               0               0               0               0               0               0               0               0               0
m(-1),sh_fd                        0               0               0               0               0               0               0               0               0               0               0               0               0               0               0               0               0               0               0               0               0               0               0               0               0               0               0               0               0               0               0               0       -0.000007               0               0               0               0               0               0               0               0               0               0
ag(-1),sh_ag               -0.083189        0.812128        0.123537        0.185768       -0.095900        0.540929       -0.048874       -0.066494        0.323001       -0.042189        0.278326        0.000509        0.309389       -0.005879       -0.025184       -0.039074        0.305348        0.402810       -0.025052       -0.025052       -0.091062        0.900000               0               0               0        0.342953               0               0               0               0       -0.097735       -0.097735       -0.039094       -0.039094        2.196618        3.285862        5.482480        4.934232        0.054864               0               0               0               0
ag(-1),sh_ad               -0.163736       -0.246613       -0.123537       -0.185768       -0.153332        0.253755       -0.005416       -0.245496        0.229054        0.023953       -0.056005        0.172220        0.110654       -0.102946       -0.063713        0.068900        0.174839        0.202029       -0.029831       -0.029831        0.018537               0               0               0               0       -0.690487               0               0               0               0        0.172338        0.172338        0.068935        0.068935        1.077435        1.773731        2.851166        2.566049       -0.037895               0               0               0               0
ag(-1),sh_fg                       0               0               0               0               0               0               0               0               0               0               0               0               0               0               0               0               0               0               0               0               0               0               0               0               0               0               0               0               0               0               0               0               0        0.215593               0               0               0               0               0               0               0               0               0
ag(-1),sh_fd                       0               0               0               0               0               0               0               0               0               0               0               0               0               0               0               0               0               0               0               0               0               0               0               0               0               0               0               0               0               0               0               0        0.215593               0               0               0               0               0               0               0               0               0               0
ad(-1),sh_ag               -0.163736       -0.246613       -0.123537       -0.185768       -0.153332        0.253755       -0.005416       -0.245496        0.229054        0.023953       -0.056005        0.172220        0.110654       -0.102946       -0.063713        0.068900        0.174839        0.202029       -0.029831       -0.029831        0.018537               0               0               0               0       -0.690487               0               0               0               0        0.172338        0.172338        0.068935        0.068935        1.077435        1.773731        2.851166        2.566049       -0.037895               0               0               0               0
ad(-1),sh_ad                0.798487       -0.060996        0.123537        0.185768       -0.158704        0.501771       -0.019553       -0.493858        1.340563       -0.114193        0.472392        0.151305        0.676142       -0.158622       -0.045128       -0.013046        0.849490        0.697648        0.134655        0.134655       -0.133746               0               0               0        0.900000        0.036467               0               0               0               0       -0.032632       -0.032632       -0.013053       -0.013053        3.983353        8.779186       12.762538       11.486285        0.069713               0               0               0               0
ad(-1),sh_fg                       0               0               0               0               0               0               0               0               0               0               0               0               0               0               0               0               0               0               0               0               0               0               0               0               0               0               0               0               0               0               0               0               0        0.403920               0               0               0               0               0               0               0               0               0
ad(-1),sh_fd                       0               0               0               0               0               0               0               0               0               0               0               0               0               0               0               0               0               0               0               0               0               0               0               0               0               0               0               0               0               0               0               0        0.403920               0               0               0               0               0               0               0               0               0               0
invd(-1),sh_ag             -0.008589        0.213569               0               0        0.069673       -0.080053        0.024348        0.459863       -0.063017       -0.016621        0.174864       -0.046070       -0.127624        0.282119        0.020369       -0.065887       -0.278472       -0.202289        0.001244        0.001244        0.007727               0               0               0               0        0.328806               0               0               0               0       -0.164802       -0.164802       -0.065921       -0.065921       -1.179015       -2.443143       -3.622157       -3.259941        0.045187               0               0               0               0
invd(-1),sh_ad              0.347035        0.011499               0               0        0.070979       -0.100021       -0.007967        1.071705       -0.183438        0.039040        0.382522       -0.071454       -0.279674        0.653702        0.008495       -0.129973       -0.646775       -0.383545        0.073748        0.073748        0.031073               0               0               0               0        0.778942               0               0               0               0       -0.325097       -0.325097       -0.130039       -0.130039       -2.270783       -5.710856       -7.981638       -7.183475        0.091124               0               0               0               0
invd(-1),sh_fg                     0               0               0               0               0               0               0               0               0               0               0               0               0               0               0               0               0               0               0               0               0               0               0               0               0               0               0               0               0               0               0               0               0       -0.267031               0               0               0               0               0               0               0               0               0
invd(-1),sh_fd                     0               0               0               0               0               0               0               0               0               0               0               0               0               0               0               0               0               0               0               0               0               0               0               0               0               0               0               0               0               0               0               0       -0.267031               0               0               0               0               0               0               0               0               0               0
invg(-1),sh_ag              0.024762        0.235746               0               0        0.616116       -0.093811        0.039111        0.064061       -0.081848        0.003585        0.229788       -0.031248       -0.168200        0.001581        0.396408       -0.072426       -0.227481       -0.536656        0.010259        0.010259        0.042697               0               0               0               0        0.493912               0               0               0               0       -0.181156       -0.181156       -0.072463       -0.072463       -2.284739       -2.533166       -4.817905       -4.336115        0.051659               0               0               0               0
invg(-1),sh_ad              0.313682       -0.010678               0               0        0.792648       -0.086261       -0.022730        0.199420       -0.164606        0.018835        0.327596       -0.086274       -0.239097        0.052484        0.514209       -0.123428       -0.358427       -0.685027        0.064733        0.064733       -0.003895               0               0               0               0        0.617256               0               0               0               0       -0.308726       -0.308726       -0.123490       -0.123490       -2.857447       -3.929654       -6.787102       -6.108391        0.084644               0               0               0               0
invg(-1),sh_fg                     0               0               0               0               0               0               0               0               0               0               0               0               0               0               0               0               0               0               0               0               0               0               0               0               0               0               0               0               0               0               0               0               0       -0.267040               0               0               0               0               0               0               0               0               0
invg(-1),sh_fd                     0               0               0               0               0               0               0               0               0               0               0               0               0               0               0               0               0               0               0               0               0               0               0               0               0               0               0               0               0               0               0               0       -0.267040               0               0               0               0               0               0               0               0               0               0


THEORETICAL MOMENTS BASED ON PRUNED STATE SPACE
VARIABLE           MEAN   STD. DEV.    VARIANCE
yd               1.3452      0.0000      0.0000
yg               0.8946      0.0000      0.0000
pd               1.0737      0.0000      0.0000
pg               0.8619      0.0000      0.0000
kg               6.3055      0.0000      0.0000
wg               1.2949      0.0000      0.0000
hg               0.4168      0.0000      0.0000
kd              11.8113      0.0000      0.0000
wd               1.7722      0.0000      0.0000
hd               0.5705      0.0000      0.0000
y                2.2154      0.0000      0.0000
lambda           0.3219      0.0000      0.0000
c                1.7625      0.0000      0.0000
invd             0.2953      0.0000      0.0000
invg             0.1576      0.0000      0.0000
r                1.0101      0.0000      0.0000
qd               1.0000      0.0000      0.0000
qg               1.0000      0.0000      0.0000
m             1795.3858      0.0000      0.0000
e                0.5195      0.0000      0.0000
h                0.9873      0.0000      0.0000
ag               1.0000      0.0000      0.0000
amb              0.0000      0.0000      0.0000
zamb             0.0000      0.3671      0.1347
ad               1.0000      0.0000      0.0000
welf           -81.6983      0.0000      0.0000
taud             0.0000      0.0000      0.0000
taug            -0.0000      0.0000      0.0000
fd               0.6000      0.0000      0.0000
fg               0.6000      0.0000      0.0000
zd               2.5265      0.0000      0.0000
zg               2.5265      0.0000      0.0000
ezd              1.0106      0.0000      0.0000
ezg              1.0106      0.0000      0.0000
lg               5.6154      0.0000      0.0000
ld              10.5185      0.0000      0.0000
l               16.1339      0.0000      0.0000
b               14.5205      0.0000      0.0000
disc             1.0000      0.0000      0.0000
spreadd          2.5013      0.0000      0.0000
spreadg          2.5013      0.0000      0.0000
diffz            1.0000      0.0000      0.0000
kappa_flu        0.1000      0.0000      0.0000



MATRIX OF CORRELATIONS BASED ON PRUNED STATE SPACE
Variables           yd         yg         pd         pg         kg         wg         hg         kd         wd         hd          y     lambda          c       invd       invg          r         qd         qg          m          e          h         ag        amb       zamb         ad       welf       taud       taug         fd         fg         zd         zg        ezd        ezg         lg         ld          l          b       disc    spreadd    spreadg      diffz  kappa_flu
yd                 NaN        NaN        NaN        NaN        NaN        NaN        NaN        NaN        NaN        NaN        NaN        NaN        NaN        NaN        NaN        NaN        NaN        NaN        NaN        NaN        NaN        NaN        NaN        NaN        NaN        NaN        NaN        NaN        NaN        NaN        NaN        NaN        NaN        NaN        NaN        NaN        NaN        NaN        NaN        NaN        NaN        NaN        NaN
yg                 NaN        NaN        NaN        NaN        NaN        NaN        NaN        NaN        NaN        NaN        NaN        NaN        NaN        NaN        NaN        NaN        NaN        NaN        NaN        NaN        NaN        NaN        NaN        NaN        NaN        NaN        NaN        NaN        NaN        NaN        NaN        NaN        NaN        NaN        NaN        NaN        NaN        NaN        NaN        NaN        NaN        NaN        NaN
pd                 NaN        NaN        NaN        NaN        NaN        NaN        NaN        NaN        NaN        NaN        NaN        NaN        NaN        NaN        NaN        NaN        NaN        NaN        NaN        NaN        NaN        NaN        NaN        NaN        NaN        NaN        NaN        NaN        NaN        NaN        NaN        NaN        NaN        NaN        NaN        NaN        NaN        NaN        NaN        NaN        NaN        NaN        NaN
pg                 NaN        NaN        NaN        NaN        NaN        NaN        NaN        NaN        NaN        NaN        NaN        NaN        NaN        NaN        NaN        NaN        NaN        NaN        NaN        NaN        NaN        NaN        NaN        NaN        NaN        NaN        NaN        NaN        NaN        NaN        NaN        NaN        NaN        NaN        NaN        NaN        NaN        NaN        NaN        NaN        NaN        NaN        NaN
kg                 NaN        NaN        NaN        NaN        NaN        NaN        NaN        NaN        NaN        NaN        NaN        NaN        NaN        NaN        NaN        NaN        NaN        NaN        NaN        NaN        NaN        NaN        NaN        NaN        NaN        NaN        NaN        NaN        NaN        NaN        NaN        NaN        NaN        NaN        NaN        NaN        NaN        NaN        NaN        NaN        NaN        NaN        NaN
wg                 NaN        NaN        NaN        NaN        NaN        NaN        NaN        NaN        NaN        NaN        NaN        NaN        NaN        NaN        NaN        NaN        NaN        NaN        NaN        NaN        NaN        NaN        NaN        NaN        NaN        NaN        NaN        NaN        NaN        NaN        NaN        NaN        NaN        NaN        NaN        NaN        NaN        NaN        NaN        NaN        NaN        NaN        NaN
hg                 NaN        NaN        NaN        NaN        NaN        NaN        NaN        NaN        NaN        NaN        NaN        NaN        NaN        NaN        NaN        NaN        NaN        NaN        NaN        NaN        NaN        NaN        NaN        NaN        NaN        NaN        NaN        NaN        NaN        NaN        NaN        NaN        NaN        NaN        NaN        NaN        NaN        NaN        NaN        NaN        NaN        NaN        NaN
kd                 NaN        NaN        NaN        NaN        NaN        NaN        NaN        NaN        NaN        NaN        NaN        NaN        NaN        NaN        NaN        NaN        NaN        NaN        NaN        NaN        NaN        NaN        NaN        NaN        NaN        NaN        NaN        NaN        NaN        NaN        NaN        NaN        NaN        NaN        NaN        NaN        NaN        NaN        NaN        NaN        NaN        NaN        NaN
wd                 NaN        NaN        NaN        NaN        NaN        NaN        NaN        NaN        NaN        NaN        NaN        NaN        NaN        NaN        NaN        NaN        NaN        NaN        NaN        NaN        NaN        NaN        NaN        NaN        NaN        NaN        NaN        NaN        NaN        NaN        NaN        NaN        NaN        NaN        NaN        NaN        NaN        NaN        NaN        NaN        NaN        NaN        NaN
hd                 NaN        NaN        NaN        NaN        NaN        NaN        NaN        NaN        NaN        NaN        NaN        NaN        NaN        NaN        NaN        NaN        NaN        NaN        NaN        NaN        NaN        NaN        NaN        NaN        NaN        NaN        NaN        NaN        NaN        NaN        NaN        NaN        NaN        NaN        NaN        NaN        NaN        NaN        NaN        NaN        NaN        NaN        NaN
y                  NaN        NaN        NaN        NaN        NaN        NaN        NaN        NaN        NaN        NaN        NaN        NaN        NaN        NaN        NaN        NaN        NaN        NaN        NaN        NaN        NaN        NaN        NaN        NaN        NaN        NaN        NaN        NaN        NaN        NaN        NaN        NaN        NaN        NaN        NaN        NaN        NaN        NaN        NaN        NaN        NaN        NaN        NaN
lambda             NaN        NaN        NaN        NaN        NaN        NaN        NaN        NaN        NaN        NaN        NaN        NaN        NaN        NaN        NaN        NaN        NaN        NaN        NaN        NaN        NaN        NaN        NaN        NaN        NaN        NaN        NaN        NaN        NaN        NaN        NaN        NaN        NaN        NaN        NaN        NaN        NaN        NaN        NaN        NaN        NaN        NaN        NaN
c                  NaN        NaN        NaN        NaN        NaN        NaN        NaN        NaN        NaN        NaN        NaN        NaN        NaN        NaN        NaN        NaN        NaN        NaN        NaN        NaN        NaN        NaN        NaN        NaN        NaN        NaN        NaN        NaN        NaN        NaN        NaN        NaN        NaN        NaN        NaN        NaN        NaN        NaN        NaN        NaN        NaN        NaN        NaN
invd               NaN        NaN        NaN        NaN        NaN        NaN        NaN        NaN        NaN        NaN        NaN        NaN        NaN        NaN        NaN        NaN        NaN        NaN        NaN        NaN        NaN        NaN        NaN        NaN        NaN        NaN        NaN        NaN        NaN        NaN        NaN        NaN        NaN        NaN        NaN        NaN        NaN        NaN        NaN        NaN        NaN        NaN        NaN
invg               NaN        NaN        NaN        NaN        NaN        NaN        NaN        NaN        NaN        NaN        NaN        NaN        NaN        NaN        NaN        NaN        NaN        NaN        NaN        NaN        NaN        NaN        NaN        NaN        NaN        NaN        NaN        NaN        NaN        NaN        NaN        NaN        NaN        NaN        NaN        NaN        NaN        NaN        NaN        NaN        NaN        NaN        NaN
r                  NaN        NaN        NaN        NaN        NaN        NaN        NaN        NaN        NaN        NaN        NaN        NaN        NaN        NaN        NaN        NaN        NaN        NaN        NaN        NaN        NaN        NaN        NaN        NaN        NaN        NaN        NaN        NaN        NaN        NaN        NaN        NaN        NaN        NaN        NaN        NaN        NaN        NaN        NaN        NaN        NaN        NaN        NaN
qd                 NaN        NaN        NaN        NaN        NaN        NaN        NaN        NaN        NaN        NaN        NaN        NaN        NaN        NaN        NaN        NaN        NaN        NaN        NaN        NaN        NaN        NaN        NaN        NaN        NaN        NaN        NaN        NaN        NaN        NaN        NaN        NaN        NaN        NaN        NaN        NaN        NaN        NaN        NaN        NaN        NaN        NaN        NaN
qg                 NaN        NaN        NaN        NaN        NaN        NaN        NaN        NaN        NaN        NaN        NaN        NaN        NaN        NaN        NaN        NaN        NaN        NaN        NaN        NaN        NaN        NaN        NaN        NaN        NaN        NaN        NaN        NaN        NaN        NaN        NaN        NaN        NaN        NaN        NaN        NaN        NaN        NaN        NaN        NaN        NaN        NaN        NaN
m                  NaN        NaN        NaN        NaN        NaN        NaN        NaN        NaN        NaN        NaN        NaN        NaN        NaN        NaN        NaN        NaN        NaN        NaN        NaN        NaN        NaN        NaN        NaN        NaN        NaN        NaN        NaN        NaN        NaN        NaN        NaN        NaN        NaN        NaN        NaN        NaN        NaN        NaN        NaN        NaN        NaN        NaN        NaN
e                  NaN        NaN        NaN        NaN        NaN        NaN        NaN        NaN        NaN        NaN        NaN        NaN        NaN        NaN        NaN        NaN        NaN        NaN        NaN        NaN        NaN        NaN        NaN        NaN        NaN        NaN        NaN        NaN        NaN        NaN        NaN        NaN        NaN        NaN        NaN        NaN        NaN        NaN        NaN        NaN        NaN        NaN        NaN
h                  NaN        NaN        NaN        NaN        NaN        NaN        NaN        NaN        NaN        NaN        NaN        NaN        NaN        NaN        NaN        NaN        NaN        NaN        NaN        NaN        NaN        NaN        NaN        NaN        NaN        NaN        NaN        NaN        NaN        NaN        NaN        NaN        NaN        NaN        NaN        NaN        NaN        NaN        NaN        NaN        NaN        NaN        NaN
ag                 NaN        NaN        NaN        NaN        NaN        NaN        NaN        NaN        NaN        NaN        NaN        NaN        NaN        NaN        NaN        NaN        NaN        NaN        NaN        NaN        NaN        NaN        NaN        NaN        NaN        NaN        NaN        NaN        NaN        NaN        NaN        NaN        NaN        NaN        NaN        NaN        NaN        NaN        NaN        NaN        NaN        NaN        NaN
amb                NaN        NaN        NaN        NaN        NaN        NaN        NaN        NaN        NaN        NaN        NaN        NaN        NaN        NaN        NaN        NaN        NaN        NaN        NaN        NaN        NaN        NaN        NaN        NaN        NaN        NaN        NaN        NaN        NaN        NaN        NaN        NaN        NaN        NaN        NaN        NaN        NaN        NaN        NaN        NaN        NaN        NaN        NaN
zamb               NaN        NaN        NaN        NaN        NaN        NaN        NaN        NaN        NaN        NaN        NaN        NaN        NaN        NaN        NaN        NaN        NaN        NaN        NaN        NaN        NaN        NaN        NaN     1.0000        NaN        NaN        NaN        NaN        NaN        NaN        NaN        NaN        NaN        NaN        NaN        NaN        NaN        NaN        NaN        NaN        NaN        NaN        NaN
ad                 NaN        NaN        NaN        NaN        NaN        NaN        NaN        NaN        NaN        NaN        NaN        NaN        NaN        NaN        NaN        NaN        NaN        NaN        NaN        NaN        NaN        NaN        NaN        NaN        NaN        NaN        NaN        NaN        NaN        NaN        NaN        NaN        NaN        NaN        NaN        NaN        NaN        NaN        NaN        NaN        NaN        NaN        NaN
welf               NaN        NaN        NaN        NaN        NaN        NaN        NaN        NaN        NaN        NaN        NaN        NaN        NaN        NaN        NaN        NaN        NaN        NaN        NaN        NaN        NaN        NaN        NaN        NaN        NaN        NaN        NaN        NaN        NaN        NaN        NaN        NaN        NaN        NaN        NaN        NaN        NaN        NaN        NaN        NaN        NaN        NaN        NaN
taud               NaN        NaN        NaN        NaN        NaN        NaN        NaN        NaN        NaN        NaN        NaN        NaN        NaN        NaN        NaN        NaN        NaN        NaN        NaN        NaN        NaN        NaN        NaN        NaN        NaN        NaN        NaN        NaN        NaN        NaN        NaN        NaN        NaN        NaN        NaN        NaN        NaN        NaN        NaN        NaN        NaN        NaN        NaN
taug               NaN        NaN        NaN        NaN        NaN        NaN        NaN        NaN        NaN        NaN        NaN        NaN        NaN        NaN        NaN        NaN        NaN        NaN        NaN        NaN        NaN        NaN        NaN        NaN        NaN        NaN        NaN        NaN        NaN        NaN        NaN        NaN        NaN        NaN        NaN        NaN        NaN        NaN        NaN        NaN        NaN        NaN        NaN
fd                 NaN        NaN        NaN        NaN        NaN        NaN        NaN        NaN        NaN        NaN        NaN        NaN        NaN        NaN        NaN        NaN        NaN        NaN        NaN        NaN        NaN        NaN        NaN        NaN        NaN        NaN        NaN        NaN        NaN        NaN        NaN        NaN        NaN        NaN        NaN        NaN        NaN        NaN        NaN        NaN        NaN        NaN        NaN
fg                 NaN        NaN        NaN        NaN        NaN        NaN        NaN        NaN        NaN        NaN        NaN        NaN        NaN        NaN        NaN        NaN        NaN        NaN        NaN        NaN        NaN        NaN        NaN        NaN        NaN        NaN        NaN        NaN        NaN        NaN        NaN        NaN        NaN        NaN        NaN        NaN        NaN        NaN        NaN        NaN        NaN        NaN        NaN
zd                 NaN        NaN        NaN        NaN        NaN        NaN        NaN        NaN        NaN        NaN        NaN        NaN        NaN        NaN        NaN        NaN        NaN        NaN        NaN        NaN        NaN        NaN        NaN        NaN        NaN        NaN        NaN        NaN        NaN        NaN        NaN        NaN        NaN        NaN        NaN        NaN        NaN        NaN        NaN        NaN        NaN        NaN        NaN
zg                 NaN        NaN        NaN        NaN        NaN        NaN        NaN        NaN        NaN        NaN        NaN        NaN        NaN        NaN        NaN        NaN        NaN        NaN        NaN        NaN        NaN        NaN        NaN        NaN        NaN        NaN        NaN        NaN        NaN        NaN        NaN        NaN        NaN        NaN        NaN        NaN        NaN        NaN        NaN        NaN        NaN        NaN        NaN
ezd                NaN        NaN        NaN        NaN        NaN        NaN        NaN        NaN        NaN        NaN        NaN        NaN        NaN        NaN        NaN        NaN        NaN        NaN        NaN        NaN        NaN        NaN        NaN        NaN        NaN        NaN        NaN        NaN        NaN        NaN        NaN        NaN        NaN        NaN        NaN        NaN        NaN        NaN        NaN        NaN        NaN        NaN        NaN
ezg                NaN        NaN        NaN        NaN        NaN        NaN        NaN        NaN        NaN        NaN        NaN        NaN        NaN        NaN        NaN        NaN        NaN        NaN        NaN        NaN        NaN        NaN        NaN        NaN        NaN        NaN        NaN        NaN        NaN        NaN        NaN        NaN        NaN        NaN        NaN        NaN        NaN        NaN        NaN        NaN        NaN        NaN        NaN
lg                 NaN        NaN        NaN        NaN        NaN        NaN        NaN        NaN        NaN        NaN        NaN        NaN        NaN        NaN        NaN        NaN        NaN        NaN        NaN        NaN        NaN        NaN        NaN        NaN        NaN        NaN        NaN        NaN        NaN        NaN        NaN        NaN        NaN        NaN        NaN        NaN        NaN        NaN        NaN        NaN        NaN        NaN        NaN
ld                 NaN        NaN        NaN        NaN        NaN        NaN        NaN        NaN        NaN        NaN        NaN        NaN        NaN        NaN        NaN        NaN        NaN        NaN        NaN        NaN        NaN        NaN        NaN        NaN        NaN        NaN        NaN        NaN        NaN        NaN        NaN        NaN        NaN        NaN        NaN        NaN        NaN        NaN        NaN        NaN        NaN        NaN        NaN
l                  NaN        NaN        NaN        NaN        NaN        NaN        NaN        NaN        NaN        NaN        NaN        NaN        NaN        NaN        NaN        NaN        NaN        NaN        NaN        NaN        NaN        NaN        NaN        NaN        NaN        NaN        NaN        NaN        NaN        NaN        NaN        NaN        NaN        NaN        NaN        NaN        NaN        NaN        NaN        NaN        NaN        NaN        NaN
b                  NaN        NaN        NaN        NaN        NaN        NaN        NaN        NaN        NaN        NaN        NaN        NaN        NaN        NaN        NaN        NaN        NaN        NaN        NaN        NaN        NaN        NaN        NaN        NaN        NaN        NaN        NaN        NaN        NaN        NaN        NaN        NaN        NaN        NaN        NaN        NaN        NaN        NaN        NaN        NaN        NaN        NaN        NaN
disc               NaN        NaN        NaN        NaN        NaN        NaN        NaN        NaN        NaN        NaN        NaN        NaN        NaN        NaN        NaN        NaN        NaN        NaN        NaN        NaN        NaN        NaN        NaN        NaN        NaN        NaN        NaN        NaN        NaN        NaN        NaN        NaN        NaN        NaN        NaN        NaN        NaN        NaN        NaN        NaN        NaN        NaN        NaN
spreadd            NaN        NaN        NaN        NaN        NaN        NaN        NaN        NaN        NaN        NaN        NaN        NaN        NaN        NaN        NaN        NaN        NaN        NaN        NaN        NaN        NaN        NaN        NaN        NaN        NaN        NaN        NaN        NaN        NaN        NaN        NaN        NaN        NaN        NaN        NaN        NaN        NaN        NaN        NaN        NaN        NaN        NaN        NaN
spreadg            NaN        NaN        NaN        NaN        NaN        NaN        NaN        NaN        NaN        NaN        NaN        NaN        NaN        NaN        NaN        NaN        NaN        NaN        NaN        NaN        NaN        NaN        NaN        NaN        NaN        NaN        NaN        NaN        NaN        NaN        NaN        NaN        NaN        NaN        NaN        NaN        NaN        NaN        NaN        NaN        NaN        NaN        NaN
diffz              NaN        NaN        NaN        NaN        NaN        NaN        NaN        NaN        NaN        NaN        NaN        NaN        NaN        NaN        NaN        NaN        NaN        NaN        NaN        NaN        NaN        NaN        NaN        NaN        NaN        NaN        NaN        NaN        NaN        NaN        NaN        NaN        NaN        NaN        NaN        NaN        NaN        NaN        NaN        NaN        NaN        NaN        NaN
kappa_flu          NaN        NaN        NaN        NaN        NaN        NaN        NaN        NaN        NaN        NaN        NaN        NaN        NaN        NaN        NaN        NaN        NaN        NaN        NaN        NaN        NaN        NaN        NaN        NaN        NaN        NaN        NaN        NaN        NaN        NaN        NaN        NaN        NaN        NaN        NaN        NaN        NaN        NaN        NaN        NaN        NaN        NaN        NaN



COEFFICIENTS OF AUTOCORRELATION BASED ON PRUNED STATE SPACE
Order          1       2       3       4       5
zamb      0.9000  0.8100  0.7290  0.6561  0.5905

mean_welfare =

 -81.698346280422470


mean_welfare2 =

 -81.698346280422470


steady_state_welfare =

 -81.698346280422470


e_ss =

   0.519479754453857


mean_c =

   1.762509470633446


mean_yd =

   1.345210944510516


mean_yg =

   0.894574232072676


mean_kd =

  11.811275522251991


mean_kg =

   6.305527207092496


mean_hd =

   0.570498036737085


mean_hg =

   0.416837186549638


mean_e =

   0.519479754453857


welf_cost_flu =

    -2.220446049250313e-14

Total computing time : 0h00m01s
